0 : raise==> ---..
1 : gecks==> -.--+
2 : menus==> ..--+
3 : meows==> ..--+
4 : melts==> ..--+
5 : hemps==> -.+-+
6 : zymes==> +++++

 I Win!7
0 : raise==> ---..
1 : ylems==> .-..+
2 : kytes==> -+-++
3 : dynes==> -+-++
4 : pyxes==> -+-++
5 : gyves==> -+-++
6 : fyces==> -+-++
7 : zymes==> +++++

 I Win!8
0 : raise==> --.--
1 : lytic==> ---+-
2 : unmix==> ++-++
3 : unfix==> +++++

 I Win!4
0 : raise==> --..-
1 : posit==> --..-
2 : mysid==> .-..-
3 : minks==> .+--+
4 : limbs==> .+.-+
5 : films==> +++++

 I Win!6
