0 : raise==> -..--
1 : tidal==> .+-.-
2 : biont==> -+--.
3 : pigmy==> -+---
4 : witch==> -++++
5 : fitch==> -++++
6 : aitch==> +++++

 I Win!7
0 : raise==> ----.
1 : olden==> .-..-
2 : voted==> -.-..
3 : wodge==> -....
4 : mopey==> -.-.-
5 : boche==> -.--.
6 : fuzed==> .--..
7 : foxed==> ..-..
8 : defog==> +++++

 I Win!9
0 : raise==> -+..-
1 : lauds==> -+-.+
2 : pacts==> -+--+
3 : nabis==> -+-++
4 : mavis==> -+-++
5 : yagis==> -+.++
6 : gadis==> +++++

 I Win!7
0 : raise==> -----
1 : dumbo==> .---.
2 : wonky==> -.--.
3 : octyl==> +--+-
0 : raise==> -.-.+
1 : dance==> -.--+
2 : flute==> -.--+
3 : ample==> .-.++
4 : shale==> +-+++
5 : swale==> +-+++
6 : spale==> +++++

 I Win!7
0 : raise==> --+.-
1 : unify==> --+--
2 : whist==> +++.-
3 : whims==> +++++

 I Win!4
0 : raise==> -.-..
1 : bocks==> ----+
2 : lunts==> ----+
3 : gapes==> -.-.+
4 : fames==> -.-.+
5 : jades==> -.-.+
6 : waxes==> -.-.+
7 : hazes==> ..-.+
8 : haves==> ..-.+
9 : yeahs==> +++++

 I Win!10
0 : raise==> ---..
1 : lobes==> ---++
2 : fuzes==> --.++
3 : types==> -+-++
4 : cymes==> -++++
5 : zymes==> +++++

 I Win!6
